<?xml version="1.0" encoding="UTF-8"?>
<!-- Generated by org.testng.reporters.JUnitXMLReporter -->
<testsuite ignored="1" hostname="DESKTOP-V1HKGV4" failures="0" tests="2" name="Default test" time="0.096" errors="0" timestamp="2023-05-26T11:06:56 IST">
  <testcase classname="testNGFlags.DependsOnMethodFlag5" name="loginmethod" time="0.014"/>
  <testcase classname="testNGFlags.DependsOnMethodFlag5" name="createuser" time="0.004"/>
  <testcase classname="testNGFlags.DependsOnMethodFlag5" name="logoutmethod" time="0.0">
    <ignored/>
  </testcase> <!-- logoutmethod -->
</testsuite> <!-- Default test -->
