<?xml version="1.0" encoding="UTF-8"?>
<testng-results ignored="12" total="18" passed="6" failed="0" skipped="0">
  <reporter-output>
    <line>
      <![CDATA[IT1]]>
    </line>
    <line>
      <![CDATA[IT2]]>
    </line>
    <line>
      <![CDATA[IT3]]>
    </line>
    <line>
      <![CDATA[IT4]]>
    </line>
    <line>
      <![CDATA[IT5]]>
    </line>
    <line>
      <![CDATA[IT6]]>
    </line>
  </reporter-output>
  <suite started-at="2023-05-27T10:30:02 IST" name="Suite" finished-at="2023-05-27T10:30:02 IST" duration-ms="144">
    <groups>
      <group name="intergration testing">
        <method signature="GroupsFlag7.it1()[pri:0, instance:testNGFlags.GroupsFlag7@be35cd9]" name="it1" class="testNGFlags.GroupsFlag7"/>
        <method signature="GroupsFlag7.it2()[pri:0, instance:testNGFlags.GroupsFlag7@be35cd9]" name="it2" class="testNGFlags.GroupsFlag7"/>
        <method signature="GroupsFlag7.it3()[pri:0, instance:testNGFlags.GroupsFlag7@be35cd9]" name="it3" class="testNGFlags.GroupsFlag7"/>
        <method signature="GroupsFlag7.it4()[pri:0, instance:testNGFlags.GroupsFlag7@be35cd9]" name="it4" class="testNGFlags.GroupsFlag7"/>
        <method signature="GroupsFlag7.it5()[pri:0, instance:testNGFlags.GroupsFlag7@be35cd9]" name="it5" class="testNGFlags.GroupsFlag7"/>
        <method signature="GroupsFlag7.it6()[pri:0, instance:testNGFlags.GroupsFlag7@be35cd9]" name="it6" class="testNGFlags.GroupsFlag7"/>
      </group> <!-- intergration testing -->
    </groups>
    <test started-at="2023-05-27T10:30:02 IST" name="Test" finished-at="2023-05-27T10:30:02 IST" duration-ms="144">
      <class name="testNGFlags.GroupsFlag7">
        <test-method signature="it1()[pri:0, instance:testNGFlags.GroupsFlag7@be35cd9]" started-at="2023-05-27T10:30:02 IST" name="it1" finished-at="2023-05-27T10:30:02 IST" duration-ms="11" status="PASS">
          <reporter-output>
            <line>
              <![CDATA[IT1]]>
            </line>
          </reporter-output>
        </test-method> <!-- it1 -->
        <test-method signature="it2()[pri:0, instance:testNGFlags.GroupsFlag7@be35cd9]" started-at="2023-05-27T10:30:02 IST" name="it2" finished-at="2023-05-27T10:30:02 IST" duration-ms="7" status="PASS">
          <reporter-output>
            <line>
              <![CDATA[IT2]]>
            </line>
          </reporter-output>
        </test-method> <!-- it2 -->
        <test-method signature="it3()[pri:0, instance:testNGFlags.GroupsFlag7@be35cd9]" started-at="2023-05-27T10:30:02 IST" name="it3" finished-at="2023-05-27T10:30:02 IST" duration-ms="6" status="PASS">
          <reporter-output>
            <line>
              <![CDATA[IT3]]>
            </line>
          </reporter-output>
        </test-method> <!-- it3 -->
        <test-method signature="it4()[pri:0, instance:testNGFlags.GroupsFlag7@be35cd9]" started-at="2023-05-27T10:30:02 IST" name="it4" finished-at="2023-05-27T10:30:02 IST" duration-ms="6" status="PASS">
          <reporter-output>
            <line>
              <![CDATA[IT4]]>
            </line>
          </reporter-output>
        </test-method> <!-- it4 -->
        <test-method signature="it5()[pri:0, instance:testNGFlags.GroupsFlag7@be35cd9]" started-at="2023-05-27T10:30:02 IST" name="it5" finished-at="2023-05-27T10:30:02 IST" duration-ms="6" status="PASS">
          <reporter-output>
            <line>
              <![CDATA[IT5]]>
            </line>
          </reporter-output>
        </test-method> <!-- it5 -->
        <test-method signature="it6()[pri:0, instance:testNGFlags.GroupsFlag7@be35cd9]" started-at="2023-05-27T10:30:02 IST" name="it6" finished-at="2023-05-27T10:30:02 IST" duration-ms="4" status="PASS">
          <reporter-output>
            <line>
              <![CDATA[IT6]]>
            </line>
          </reporter-output>
        </test-method> <!-- it6 -->
      </class> <!-- testNGFlags.GroupsFlag7 -->
    </test> <!-- Test -->
  </suite> <!-- Suite -->
</testng-results>
